# JRE version: OpenJDK Runtime Environment (21.0.9) (build 21.0.9+-14649483-b1163.86)
# Java VM: OpenJDK 64-Bit Server VM (21.0.9+-14649483-b1163.86, mixed mode, tiered, compressed oops, compressed class ptrs, g1 gc, windows-amd64)
GC Precious Log:
 CardTable entry size: 512
 Card Set container configuration: InlinePtr #cards 4 size 8 Array Of Cards #cards 16 size 48 Howl #buckets 8 coarsen threshold 3686 Howl Bitmap #cards 512 size 80 coarsen threshold 460 Card regions per heap region 1 cards per card region 4096
 CPUs: 12 total, 12 available
 Memory: 16251M
 Large Page Support: Disabled
 NUMA Support: Disabled
 Compressed Oops: Enabled (Zero based)
 Heap Region Size: 2M
 Heap Min Capacity: 8M
 Heap Initial Capacity: 254M
 Heap Max Capacity: 4064M
 Pre-touch: Disabled
 Parallel Workers: 10
 Concurrent Workers: 3
 Concurrent Refinement Workers: 10
 Periodic GC: Disabled
Heap:
 garbage-first heap   total 262144K, used 148313K [0x0000000702000000, 0x0000000800000000)
  region size 2048K, 15 young (30720K), 6 survivors (12288K)
 Metaspace       used 74713K, committed 75136K, reserved 1179648K
  class space    used 8617K, committed 8832K, reserved 1048576K
GC Heap History (20 events):
Event: 5.033 GC heap before
{Heap before GC invocations=11 (full 0):
 garbage-first heap   total 104448K, used 77824K [0x0000000702000000, 0x0000000800000000)
  region size 2048K, 21 young (43008K), 3 survivors (6144K)
 Metaspace       used 57587K, committed 57920K, reserved 1114112K
  class space    used 6716K, committed 6848K, reserved 1048576K
}
Event: 5.047 GC heap after
{Heap after GC invocations=12 (full 0):
 garbage-first heap   total 104448K, used 47827K [0x0000000702000000, 0x0000000800000000)
  region size 2048K, 3 young (6144K), 3 survivors (6144K)
 Metaspace       used 57587K, committed 57920K, reserved 1114112K
  class space    used 6716K, committed 6848K, reserved 1048576K
}
Event: 5.154 GC heap before
{Heap before GC invocations=12 (full 0):
 garbage-first heap   total 104448K, used 82643K [0x0000000702000000, 0x0000000800000000)
  region size 2048K, 20 young (40960K), 3 survivors (6144K)
 Metaspace       used 57832K, committed 58112K, reserved 1114112K
  class space    used 6716K, committed 6848K, reserved 1048576K
}
Event: 5.165 GC heap after
{Heap after GC invocations=13 (full 0):
 garbage-first heap   total 104448K, used 57344K [0x0000000702000000, 0x0000000800000000)
  region size 2048K, 3 young (6144K), 3 survivors (6144K)
 Metaspace       used 57832K, committed 58112K, reserved 1114112K
  class space    used 6716K, committed 6848K, reserved 1048576K
}
Event: 5.229 GC heap before
{Heap before GC invocations=13 (full 0):
 garbage-first heap   total 104448K, used 86016K [0x0000000702000000, 0x0000000800000000)
  region size 2048K, 17 young (34816K), 3 survivors (6144K)
 Metaspace       used 57836K, committed 58112K, reserved 1114112K
  class space    used 6716K, committed 6848K, reserved 1048576K
}
Event: 5.235 GC heap after
{Heap after GC invocations=14 (full 0):
 garbage-first heap   total 143360K, used 65171K [0x0000000702000000, 0x0000000800000000)
  region size 2048K, 3 young (6144K), 3 survivors (6144K)
 Metaspace       used 57836K, committed 58112K, reserved 1114112K
  class space    used 6716K, committed 6848K, reserved 1048576K
}
Event: 5.345 GC heap before
{Heap before GC invocations=15 (full 0):
 garbage-first heap   total 143360K, used 112275K [0x0000000702000000, 0x0000000800000000)
  region size 2048K, 26 young (53248K), 3 survivors (6144K)
 Metaspace       used 57836K, committed 58112K, reserved 1114112K
  class space    used 6717K, committed 6848K, reserved 1048576K
}
Event: 5.350 GC heap after
{Heap after GC invocations=16 (full 0):
 garbage-first heap   total 143360K, used 77824K [0x0000000702000000, 0x0000000800000000)
  region size 2048K, 4 young (8192K), 4 survivors (8192K)
 Metaspace       used 57836K, committed 58112K, reserved 1114112K
  class space    used 6717K, committed 6848K, reserved 1048576K
}
Event: 5.675 GC heap before
{Heap before GC invocations=16 (full 0):
 garbage-first heap   total 143360K, used 116736K [0x0000000702000000, 0x0000000800000000)
  region size 2048K, 23 young (47104K), 4 survivors (8192K)
 Metaspace       used 59156K, committed 59456K, reserved 1114112K
  class space    used 6870K, committed 6976K, reserved 1048576K
}
Event: 5.690 GC heap after
{Heap after GC invocations=17 (full 0):
 garbage-first heap   total 143360K, used 90112K [0x0000000702000000, 0x0000000800000000)
  region size 2048K, 3 young (6144K), 3 survivors (6144K)
 Metaspace       used 59156K, committed 59456K, reserved 1114112K
  class space    used 6870K, committed 6976K, reserved 1048576K
}
Event: 5.782 GC heap before
{Heap before GC invocations=17 (full 0):
 garbage-first heap   total 143360K, used 118784K [0x0000000702000000, 0x0000000800000000)
  region size 2048K, 18 young (36864K), 3 survivors (6144K)
 Metaspace       used 59454K, committed 59776K, reserved 1114112K
  class space    used 6897K, committed 7040K, reserved 1048576K
}
Event: 5.793 GC heap after
{Heap after GC invocations=18 (full 0):
 garbage-first heap   total 143360K, used 101245K [0x0000000702000000, 0x0000000800000000)
  region size 2048K, 3 young (6144K), 3 survivors (6144K)
 Metaspace       used 59454K, committed 59776K, reserved 1114112K
  class space    used 6897K, committed 7040K, reserved 1048576K
}
Event: 5.992 GC heap before
{Heap before GC invocations=19 (full 0):
 garbage-first heap   total 172032K, used 123773K [0x0000000702000000, 0x0000000800000000)
  region size 2048K, 14 young (28672K), 3 survivors (6144K)
 Metaspace       used 59954K, committed 60224K, reserved 1114112K
  class space    used 6929K, committed 7040K, reserved 1048576K
}
Event: 6.000 GC heap after
{Heap after GC invocations=20 (full 0):
 garbage-first heap   total 172032K, used 107815K [0x0000000702000000, 0x0000000800000000)
  region size 2048K, 2 young (4096K), 2 survivors (4096K)
 Metaspace       used 59954K, committed 60224K, reserved 1114112K
  class space    used 6929K, committed 7040K, reserved 1048576K
}
Event: 6.503 GC heap before
{Heap before GC invocations=20 (full 0):
 garbage-first heap   total 172032K, used 142631K [0x0000000702000000, 0x0000000800000000)
  region size 2048K, 20 young (40960K), 2 survivors (4096K)
 Metaspace       used 65018K, committed 65408K, reserved 1114112K
  class space    used 7525K, committed 7680K, reserved 1048576K
}
Event: 6.512 GC heap after
{Heap after GC invocations=21 (full 0):
 garbage-first heap   total 172032K, used 113843K [0x0000000702000000, 0x0000000800000000)
  region size 2048K, 3 young (6144K), 3 survivors (6144K)
 Metaspace       used 65018K, committed 65408K, reserved 1114112K
  class space    used 7525K, committed 7680K, reserved 1048576K
}
Event: 6.942 GC heap before
{Heap before GC invocations=21 (full 0):
 garbage-first heap   total 172032K, used 148659K [0x0000000702000000, 0x0000000800000000)
  region size 2048K, 20 young (40960K), 3 survivors (6144K)
 Metaspace       used 69385K, committed 69696K, reserved 1114112K
  class space    used 8083K, committed 8192K, reserved 1048576K
}
Event: 6.952 GC heap after
{Heap after GC invocations=22 (full 0):
 garbage-first heap   total 262144K, used 119513K [0x0000000702000000, 0x0000000800000000)
  region size 2048K, 3 young (6144K), 3 survivors (6144K)
 Metaspace       used 69385K, committed 69696K, reserved 1114112K
  class space    used 8083K, committed 8192K, reserved 1048576K
}
Event: 8.388 GC heap before
{Heap before GC invocations=23 (full 0):
 garbage-first heap   total 262144K, used 209625K [0x0000000702000000, 0x0000000800000000)
  region size 2048K, 47 young (96256K), 3 survivors (6144K)
 Metaspace       used 74544K, committed 74944K, reserved 1179648K
  class space    used 8605K, committed 8768K, reserved 1048576K
}
Event: 8.402 GC heap after
{Heap after GC invocations=24 (full 0):
 garbage-first heap   total 262144K, used 131929K [0x0000000702000000, 0x0000000800000000)
  region size 2048K, 6 young (12288K), 6 survivors (12288K)
 Metaspace       used 74544K, committed 74944K, reserved 1179648K
  class space    used 8605K, committed 8768K, reserved 1048576K
}

